Analysis & Synthesis report for clock_project
Sat Nov 26 12:37:00 2022
Quartus Prime Version 20.1.1 Build 720 11/11/2020 SJ Lite Edition


---------------------
; Table of Contents ;
---------------------
  1. Legal Notice
  2. Analysis & Synthesis Summary
  3. Analysis & Synthesis Settings
  4. Parallel Compilation
  5. Analysis & Synthesis Messages



----------------
; Legal Notice ;
----------------
Copyright (C) 2020  Intel Corporation. All rights reserved.
Your use of Intel Corporation's design tools, logic functions 
and other software and tools, and any partner logic 
functions, and any output files from any of the foregoing 
(including device programming or simulation files), and any 
associated documentation or information are expressly subject 
to the terms and conditions of the Intel Program License 
Subscription Agreement, the Intel Quartus Prime License Agreement,
the Intel FPGA IP License Agreement, or other applicable license
agreement, including, without limitation, that your use is for
the sole purpose of programming logic devices manufactured by
Intel and sold by Intel or its authorized distributors.  Please
refer to the applicable agreement for further details, at
https://fpgasoftware.intel.com/eula.



+----------------------------------------------------------------------------------+
; Analysis & Synthesis Summary                                                     ;
+------------------------------------+---------------------------------------------+
; Analysis & Synthesis Status        ; Failed - Sat Nov 26 12:37:00 2022           ;
; Quartus Prime Version              ; 20.1.1 Build 720 11/11/2020 SJ Lite Edition ;
; Revision Name                      ; clock_project                               ;
; Top-level Entity Name              ; DIGI_CLOCK                                  ;
; Family                             ; MAX 10                                      ;
; Total logic elements               ; N/A until Partition Merge                   ;
;     Total combinational functions  ; N/A until Partition Merge                   ;
;     Dedicated logic registers      ; N/A until Partition Merge                   ;
; Total registers                    ; N/A until Partition Merge                   ;
; Total pins                         ; N/A until Partition Merge                   ;
; Total virtual pins                 ; N/A until Partition Merge                   ;
; Total memory bits                  ; N/A until Partition Merge                   ;
; Embedded Multiplier 9-bit elements ; N/A until Partition Merge                   ;
; Total PLLs                         ; N/A until Partition Merge                   ;
; UFM blocks                         ; N/A until Partition Merge                   ;
; ADC blocks                         ; N/A until Partition Merge                   ;
+------------------------------------+---------------------------------------------+


+------------------------------------------------------------------------------------------------------------+
; Analysis & Synthesis Settings                                                                              ;
+------------------------------------------------------------------+--------------------+--------------------+
; Option                                                           ; Setting            ; Default Value      ;
+------------------------------------------------------------------+--------------------+--------------------+
; Device                                                           ; 10M50DAF484C7G     ;                    ;
; Top-level entity name                                            ; DIGI_CLOCK         ; clock_project      ;
; Family name                                                      ; MAX 10             ; Cyclone V          ;
; Use smart compilation                                            ; Off                ; Off                ;
; Enable parallel Assembler and Timing Analyzer during compilation ; On                 ; On                 ;
; Enable compact report table                                      ; Off                ; Off                ;
; Restructure Multiplexers                                         ; Auto               ; Auto               ;
; Create Debugging Nodes for IP Cores                              ; Off                ; Off                ;
; Preserve fewer node names                                        ; On                 ; On                 ;
; Intel FPGA IP Evaluation Mode                                    ; Enable             ; Enable             ;
; Verilog Version                                                  ; Verilog_2001       ; Verilog_2001       ;
; VHDL Version                                                     ; VHDL_1993          ; VHDL_1993          ;
; State Machine Processing                                         ; Auto               ; Auto               ;
; Safe State Machine                                               ; Off                ; Off                ;
; Extract Verilog State Machines                                   ; On                 ; On                 ;
; Extract VHDL State Machines                                      ; On                 ; On                 ;
; Ignore Verilog initial constructs                                ; Off                ; Off                ;
; Iteration limit for constant Verilog loops                       ; 5000               ; 5000               ;
; Iteration limit for non-constant Verilog loops                   ; 250                ; 250                ;
; Add Pass-Through Logic to Inferred RAMs                          ; On                 ; On                 ;
; Infer RAMs from Raw Logic                                        ; On                 ; On                 ;
; Parallel Synthesis                                               ; On                 ; On                 ;
; DSP Block Balancing                                              ; Auto               ; Auto               ;
; NOT Gate Push-Back                                               ; On                 ; On                 ;
; Power-Up Don't Care                                              ; On                 ; On                 ;
; Remove Redundant Logic Cells                                     ; Off                ; Off                ;
; Remove Duplicate Registers                                       ; On                 ; On                 ;
; Ignore CARRY Buffers                                             ; Off                ; Off                ;
; Ignore CASCADE Buffers                                           ; Off                ; Off                ;
; Ignore GLOBAL Buffers                                            ; Off                ; Off                ;
; Ignore ROW GLOBAL Buffers                                        ; Off                ; Off                ;
; Ignore LCELL Buffers                                             ; Off                ; Off                ;
; Ignore SOFT Buffers                                              ; On                 ; On                 ;
; Limit AHDL Integers to 32 Bits                                   ; Off                ; Off                ;
; Optimization Technique                                           ; Balanced           ; Balanced           ;
; Carry Chain Length                                               ; 70                 ; 70                 ;
; Auto Carry Chains                                                ; On                 ; On                 ;
; Auto Open-Drain Pins                                             ; On                 ; On                 ;
; Perform WYSIWYG Primitive Resynthesis                            ; Off                ; Off                ;
; Auto ROM Replacement                                             ; On                 ; On                 ;
; Auto RAM Replacement                                             ; On                 ; On                 ;
; Auto DSP Block Replacement                                       ; On                 ; On                 ;
; Auto Shift Register Replacement                                  ; Auto               ; Auto               ;
; Allow Shift Register Merging across Hierarchies                  ; Auto               ; Auto               ;
; Auto Clock Enable Replacement                                    ; On                 ; On                 ;
; Strict RAM Replacement                                           ; Off                ; Off                ;
; Allow Synchronous Control Signals                                ; On                 ; On                 ;
; Force Use of Synchronous Clear Signals                           ; Off                ; Off                ;
; Auto RAM Block Balancing                                         ; On                 ; On                 ;
; Auto RAM to Logic Cell Conversion                                ; Off                ; Off                ;
; Auto Resource Sharing                                            ; Off                ; Off                ;
; Allow Any RAM Size For Recognition                               ; Off                ; Off                ;
; Allow Any ROM Size For Recognition                               ; Off                ; Off                ;
; Allow Any Shift Register Size For Recognition                    ; Off                ; Off                ;
; Use LogicLock Constraints during Resource Balancing              ; On                 ; On                 ;
; Ignore translate_off and synthesis_off directives                ; Off                ; Off                ;
; Timing-Driven Synthesis                                          ; On                 ; On                 ;
; Report Parameter Settings                                        ; On                 ; On                 ;
; Report Source Assignments                                        ; On                 ; On                 ;
; Report Connectivity Checks                                       ; On                 ; On                 ;
; Ignore Maximum Fan-Out Assignments                               ; Off                ; Off                ;
; Synchronization Register Chain Length                            ; 2                  ; 2                  ;
; Power Optimization During Synthesis                              ; Normal compilation ; Normal compilation ;
; HDL message level                                                ; Level2             ; Level2             ;
; Suppress Register Optimization Related Messages                  ; Off                ; Off                ;
; Number of Removed Registers Reported in Synthesis Report         ; 5000               ; 5000               ;
; Number of Swept Nodes Reported in Synthesis Report               ; 5000               ; 5000               ;
; Number of Inverted Registers Reported in Synthesis Report        ; 100                ; 100                ;
; Clock MUX Protection                                             ; On                 ; On                 ;
; Auto Gated Clock Conversion                                      ; Off                ; Off                ;
; Block Design Naming                                              ; Auto               ; Auto               ;
; SDC constraint protection                                        ; Off                ; Off                ;
; Synthesis Effort                                                 ; Auto               ; Auto               ;
; Shift Register Replacement - Allow Asynchronous Clear Signal     ; On                 ; On                 ;
; Pre-Mapping Resynthesis Optimization                             ; Off                ; Off                ;
; Analysis & Synthesis Message Level                               ; Medium             ; Medium             ;
; Disable Register Merging Across Hierarchies                      ; Auto               ; Auto               ;
; Resource Aware Inference For Block RAM                           ; On                 ; On                 ;
+------------------------------------------------------------------+--------------------+--------------------+


+------------------------------------------+
; Parallel Compilation                     ;
+----------------------------+-------------+
; Processors                 ; Number      ;
+----------------------------+-------------+
; Number detected on machine ; 12          ;
; Maximum allowed            ; 12          ;
;                            ;             ;
; Average used               ; 1.00        ;
; Maximum used               ; 1           ;
;                            ;             ;
; Usage by Processor         ; % Time Used ;
;     Processor 1            ; 100.0%      ;
+----------------------------+-------------+


+-------------------------------+
; Analysis & Synthesis Messages ;
+-------------------------------+
Info: *******************************************************************
Info: Running Quartus Prime Analysis & Synthesis
    Info: Version 20.1.1 Build 720 11/11/2020 SJ Lite Edition
    Info: Processing started: Sat Nov 26 12:36:49 2022
Info: Command: quartus_map --read_settings_files=on --write_settings_files=off clock_project -c clock_project
Warning (18236): Number of processors has not been specified which may cause overloading on shared machines.  Set the global assignment NUM_PARALLEL_PROCESSORS in your QSF to an appropriate value for best performance.
Info (20030): Parallel compilation is enabled and will use 12 of the 12 processors detected
Info (12021): Found 2 design units, including 1 entities, in source file /digi_clock/digi_clock.vhd
    Info (12022): Found design unit 1: DIGI_CLOCK-FUNC File: E:/digi_clock/DIGI_CLOCK.vhd Line: 15
    Info (12023): Found entity 1: DIGI_CLOCK File: E:/digi_clock/DIGI_CLOCK.vhd Line: 5
Info (12021): Found 2 design units, including 1 entities, in source file /xor_2.vhd
    Info (12022): Found design unit 1: xor_2-structure File: E:/xor_2.vhd Line: 10
    Info (12023): Found entity 1: xor_2 File: E:/xor_2.vhd Line: 5
Info (12021): Found 2 design units, including 1 entities, in source file /and_2.vhd
    Info (12022): Found design unit 1: AND_2-Functionality File: E:/AND_2.vhd Line: 11
    Info (12023): Found entity 1: AND_2 File: E:/AND_2.vhd Line: 4
Info (12021): Found 2 design units, including 1 entities, in source file clock.vhd
    Info (12022): Found design unit 1: CLOCK-FUNCTIONALITY File: E:/clock/CLOCK.vhd Line: 15
    Info (12023): Found entity 1: CLOCK File: E:/clock/CLOCK.vhd Line: 5
Info (12021): Found 1 design units, including 0 entities, in source file ee_232.vhd
    Info (12022): Found design unit 1: EE_232 File: E:/clock/EE_232.vhd Line: 4
Info (12021): Found 2 design units, including 1 entities, in source file or_2.vhd
    Info (12022): Found design unit 1: OR_2-FUNCTIONALITY File: E:/clock/OR_2.vhd Line: 9
    Info (12023): Found entity 1: OR_2 File: E:/clock/OR_2.vhd Line: 4
Info (12021): Found 2 design units, including 1 entities, in source file not_1.vhd
    Info (12022): Found design unit 1: NOT_1-FUNCTIONALITY File: E:/clock/NOT_1.vhd Line: 10
    Info (12023): Found entity 1: NOT_1 File: E:/clock/NOT_1.vhd Line: 4
Info (12021): Found 2 design units, including 1 entities, in source file d_ff.vhd
    Info (12022): Found design unit 1: D_FF-FUNCTIONALITY File: E:/clock/D_FF.vhd Line: 13
    Info (12023): Found entity 1: D_FF File: E:/clock/D_FF.vhd Line: 4
Info (12021): Found 2 design units, including 1 entities, in source file mux_2x1.vhd
    Info (12022): Found design unit 1: MUX_2X1-FUNCTIONALITY File: E:/clock/MUX_2X1.vhd Line: 10
    Info (12023): Found entity 1: MUX_2X1 File: E:/clock/MUX_2X1.vhd Line: 5
Info (12021): Found 2 design units, including 1 entities, in source file counter_sync_mod12.vhd
    Info (12022): Found design unit 1: COUNTER_SYNC_MOD12-FUNCTIONALITY File: E:/clock/COUNTER_SYNC_MOD12.vhd Line: 15
    Info (12023): Found entity 1: COUNTER_SYNC_MOD12 File: E:/clock/COUNTER_SYNC_MOD12.vhd Line: 5
Info (12021): Found 2 design units, including 1 entities, in source file counter_sync_mod10.vhd
    Info (12022): Found design unit 1: COUNTER_SYNC_MOD10-FUNCTIONALITY File: E:/clock/COUNTER_SYNC_MOD10.vhd Line: 16
    Info (12023): Found entity 1: COUNTER_SYNC_MOD10 File: E:/clock/COUNTER_SYNC_MOD10.vhd Line: 5
Info (12021): Found 2 design units, including 1 entities, in source file counter_sync_mod6.vhd
    Info (12022): Found design unit 1: COUNTER_SYNC_MOD6-FUNCTIONALITY File: E:/clock/COUNTER_SYNC_MOD6.vhd Line: 17
    Info (12023): Found entity 1: COUNTER_SYNC_MOD6 File: E:/clock/COUNTER_SYNC_MOD6.vhd Line: 5
Info (12021): Found 2 design units, including 1 entities, in source file clk_dvd.vhd
    Info (12022): Found design unit 1: CLK_DVD-FUNCTIONALITY File: E:/clock/CLK_DVD.vhd Line: 10
    Info (12023): Found entity 1: CLK_DVD File: E:/clock/CLK_DVD.vhd Line: 4
Info (12021): Found 2 design units, including 1 entities, in source file bcd2ssd.vhd
    Info (12022): Found design unit 1: BCD2SSD-FUNCTIONALITY File: E:/clock/BCD2SSD.vhd Line: 11
    Info (12023): Found entity 1: BCD2SSD File: E:/clock/BCD2SSD.vhd Line: 5
Info (12021): Found 2 design units, including 1 entities, in source file counter_sync_new.vhd
    Info (12022): Found design unit 1: couNTER_SYNC_new-structure File: E:/clock/COUNTER_SYNC_NEW.vhd Line: 15
    Info (12023): Found entity 1: COUNTER_SYNC_new File: E:/clock/COUNTER_SYNC_NEW.vhd Line: 5
Error (10482): VHDL error at DIGI_CLOCK.vhd(34): object "GEN_COUNTER" is used but not declared File: E:/digi_clock/DIGI_CLOCK.vhd Line: 34
Error: Quartus Prime Analysis & Synthesis was unsuccessful. 1 error, 1 warning
    Error: Peak virtual memory: 4780 megabytes
    Error: Processing ended: Sat Nov 26 12:37:01 2022
    Error: Elapsed time: 00:00:12
    Error: Total CPU time (on all processors): 00:00:13


